2026-04-09 18:21:24 0 [Note] Starting MariaDB 10.4.32-MariaDB source revision c4143f909528e3fab0677a28631d10389354c491 as process 5944
2026-04-09 18:21:24 0 [Note] InnoDB: Mutexes and rw_locks use Windows interlocked functions
2026-04-09 18:21:24 0 [Note] InnoDB: Uses event mutexes
2026-04-09 18:21:25 0 [Note] InnoDB: Compressed tables use zlib 1.3
2026-04-09 18:21:25 0 [Note] InnoDB: Number of pools: 1
2026-04-09 18:21:25 0 [Note] InnoDB: Using SSE2 crc32 instructions
2026-04-09 18:21:25 0 [Note] InnoDB: Initializing buffer pool, total size = 16M, instances = 1, chunk size = 16M
2026-04-09 18:21:25 0 [Note] InnoDB: Completed initialization of buffer pool
2026-04-09 18:21:25 0 [Note] InnoDB: Starting crash recovery from checkpoint LSN=300288
2026-04-09 18:21:25 0 [Note] InnoDB: 128 out of 128 rollback segments are active.
2026-04-09 18:21:25 0 [Note] InnoDB: Removed temporary tablespace data file: "ibtmp1"
2026-04-09 18:21:25 0 [Note] InnoDB: Creating shared tablespace for temporary tables
2026-04-09 18:21:25 0 [Note] InnoDB: Setting file 'C:\xampp\mysql\data\ibtmp1' size to 12 MB. Physically writing the file full; Please wait ...
2026-04-09 18:21:25 0 [Note] InnoDB: File 'C:\xampp\mysql\data\ibtmp1' size is now 12 MB.
2026-04-09 18:21:25 0 [Note] InnoDB: Waiting for purge to start
2026-04-09 18:21:25 0 [Note] InnoDB: 10.4.32 started; log sequence number 300297; transaction id 170
2026-04-09 18:21:25 0 [Note] InnoDB: Loading buffer pool(s) from C:\xampp\mysql\data\ib_buffer_pool
2026-04-09 18:21:25 0 [Note] Plugin 'FEEDBACK' is disabled.
2026-04-09 18:21:25 0 [Note] InnoDB: Buffer pool(s) load completed at 260409 18:21:25
2026-04-09 18:21:25 0 [Note] Server socket created on IP: '::'.
2026-04-09 18:21:27 0 [Note] Starting MariaDB 10.4.32-MariaDB source revision c4143f909528e3fab0677a28631d10389354c491 as process 7076
2026-04-09 18:21:27 0 [Note] InnoDB: Mutexes and rw_locks use Windows interlocked functions
2026-04-09 18:21:27 0 [Note] InnoDB: Uses event mutexes
2026-04-09 18:21:27 0 [Note] InnoDB: Compressed tables use zlib 1.3
2026-04-09 18:21:27 0 [Note] InnoDB: Number of pools: 1
2026-04-09 18:21:27 0 [Note] InnoDB: Using SSE2 crc32 instructions
2026-04-09 18:21:28 0 [Note] InnoDB: Initializing buffer pool, total size = 16M, instances = 1, chunk size = 16M
2026-04-09 18:21:28 0 [Note] InnoDB: Completed initialization of buffer pool
2026-04-09 18:21:28 0 [Note] InnoDB: Starting crash recovery from checkpoint LSN=300288
2026-04-09 18:21:28 0 [Note] InnoDB: 128 out of 128 rollback segments are active.
2026-04-09 18:21:28 0 [Note] InnoDB: Removed temporary tablespace data file: "ibtmp1"
2026-04-09 18:21:28 0 [Note] InnoDB: Creating shared tablespace for temporary tables
2026-04-09 18:21:28 0 [Note] InnoDB: Setting file 'C:\xampp\mysql\data\ibtmp1' size to 12 MB. Physically writing the file full; Please wait ...
2026-04-09 18:21:28 0 [Note] InnoDB: File 'C:\xampp\mysql\data\ibtmp1' size is now 12 MB.
2026-04-09 18:21:28 0 [Note] InnoDB: Waiting for purge to start
2026-04-09 18:21:28 0 [Note] InnoDB: 10.4.32 started; log sequence number 300297; transaction id 170
2026-04-09 18:21:28 0 [Note] InnoDB: Loading buffer pool(s) from C:\xampp\mysql\data\ib_buffer_pool
2026-04-09 18:21:28 0 [Note] Plugin 'FEEDBACK' is disabled.
2026-04-09 18:21:28 0 [Note] InnoDB: Buffer pool(s) load completed at 260409 18:21:28
2026-04-09 18:21:28 0 [Note] Server socket created on IP: '::'.
2026-04-09 18:21:28 0x1208  InnoDB: Assertion failure in file D:\winx64-packages\build\src\storage\innobase\os\os0file.cc line 6132
InnoDB: Failing assertion: slot
InnoDB: We intentionally generate a memory trap.
InnoDB: Submit a detailed bug report to https://jira.mariadb.org/
InnoDB: If you get repeated assertion failures or crashes, even
InnoDB: immediately after the mysqld startup, there may be
InnoDB: corruption in the InnoDB tablespace. Please refer to
InnoDB: https://mariadb.com/kb/en/library/innodb-recovery-modes/
InnoDB: about forcing recovery.
260409 18:21:28 [ERROR] mysqld got exception 0x80000003 ;
Sorry, we probably made a mistake, and this is a bug.

Your assistance in bug reporting will enable us to fix this for the next release.
To report this bug, see https://mariadb.com/kb/en/reporting-bugs

We will try our best to scrape up some info that will hopefully help
diagnose the problem, but since we have already crashed, 
something is definitely wrong and this may fail.

Server version: 10.4.32-MariaDB source revision: c4143f909528e3fab0677a28631d10389354c491
key_buffer_size=16777216
read_buffer_size=262144
max_used_connections=0
max_threads=65537
thread_count=5
It is possible that mysqld could use up to 
key_buffer_size + (read_buffer_size + sort_buffer_size)*max_threads = 20304 K  bytes of memory
Hope that's ok; if not, decrease some variables in the equation.

Thread pointer: 0x0
Attempting backtrace. You can use the following information to find out
where mysqld died. If you see no messages after this, something went
terribly wrong...
2026-04-09 18:21:28 0x1044  InnoDB: Assertion failure in file D:\winx64-packages\build\src\storage\innobase\os\os0file.cc line 6132
InnoDB: Failing assertion: slot
InnoDB: We intentionally generate a memory trap.
InnoDB: Submit a detailed bug report to https://jira.mariadb.org/
InnoDB: If you get repeated assertion failures or crashes, even
InnoDB: immediately after the mysqld startup, there may be
InnoDB: corruption in the InnoDB tablespace. Please refer to
InnoDB: https://mariadb.com/kb/en/library/innodb-recovery-modes/
InnoDB: about forcing recovery.
2026-04-09 18:21:30 0 [Note] Starting MariaDB 10.4.32-MariaDB source revision c4143f909528e3fab0677a28631d10389354c491 as process 12160
2026-04-09 18:21:30 0 [Note] InnoDB: Mutexes and rw_locks use Windows interlocked functions
2026-04-09 18:21:30 0 [Note] InnoDB: Uses event mutexes
2026-04-09 18:21:30 0 [Note] InnoDB: Compressed tables use zlib 1.3
2026-04-09 18:21:30 0 [Note] InnoDB: Number of pools: 1
2026-04-09 18:21:30 0 [Note] InnoDB: Using SSE2 crc32 instructions
2026-04-09 18:21:30 0 [Note] InnoDB: Initializing buffer pool, total size = 16M, instances = 1, chunk size = 16M
2026-04-09 18:21:30 0 [Note] InnoDB: Completed initialization of buffer pool
2026-04-09 18:21:30 0 [Note] InnoDB: Starting crash recovery from checkpoint LSN=300288
2026-04-09 18:21:30 0 [Note] InnoDB: 128 out of 128 rollback segments are active.
2026-04-09 18:21:30 0 [Note] InnoDB: Removed temporary tablespace data file: "ibtmp1"
2026-04-09 18:21:30 0 [Note] InnoDB: Creating shared tablespace for temporary tables
2026-04-09 18:21:30 0 [Note] InnoDB: Setting file 'C:\xampp\mysql\data\ibtmp1' size to 12 MB. Physically writing the file full; Please wait ...
2026-04-09 18:21:30 0 [Note] InnoDB: File 'C:\xampp\mysql\data\ibtmp1' size is now 12 MB.
2026-04-09 18:21:30 0 [Note] InnoDB: Waiting for purge to start
2026-04-09 18:21:30 0 [Note] InnoDB: 10.4.32 started; log sequence number 300297; transaction id 170
2026-04-09 18:21:30 0 [Note] InnoDB: Loading buffer pool(s) from C:\xampp\mysql\data\ib_buffer_pool
2026-04-09 18:21:30 0 [Note] Plugin 'FEEDBACK' is disabled.
2026-04-09 18:21:30 0 [Note] InnoDB: Buffer pool(s) load completed at 260409 18:21:30
2026-04-09 18:21:30 0 [Note] Server socket created on IP: '::'.
